2026-01-22 14:18:13,524 WARNING database DDL Query made to DB:
ALTER TABLE `tabEmployee` ADD COLUMN `employment_type` varchar(140), ADD COLUMN `grade` varchar(140), ADD COLUMN `job_applicant` varchar(140), ADD COLUMN `default_shift` varchar(140), ADD COLUMN `expense_approver` varchar(140), ADD COLUMN `leave_approver` varchar(140), ADD COLUMN `shift_request_approver` varchar(140), ADD COLUMN `payroll_cost_center` varchar(140), ADD COLUMN `health_insurance_provider` varchar(140), ADD COLUMN `health_insurance_no` varchar(140)
2026-01-22 14:18:13,571 WARNING database DDL Query made to DB:
ALTER TABLE `tabEmployee` MODIFY `ctc` decimal(21,9) not null default 0
2026-01-22 14:18:13,641 WARNING database DDL Query made to DB:
ALTER TABLE `tabDepartment` ADD COLUMN `payroll_cost_center` varchar(140), ADD COLUMN `leave_block_list` varchar(140)
2026-01-22 14:33:07,552 WARNING database DDL Query made to DB:
ALTER TABLE `tabJob Applicant` ADD COLUMN `workflow_state` varchar(140)
2026-01-22 14:33:07,596 WARNING database DDL Query made to DB:
ALTER TABLE `tabJob Applicant` MODIFY `upper_range` decimal(21,0) not null default 0, MODIFY `applicant_rating` decimal(3,2), MODIFY `lower_range` decimal(21,0) not null default 0
2026-01-23 12:49:04,137 WARNING database DDL Query made to DB:
create table `tabCandidate` (
			name varchar(140) primary key,
			creation datetime(6),
			modified datetime(6),
			modified_by varchar(140),
			owner varchar(140),
			docstatus int(1) not null default '0',
			idx int(8) not null default '0',
			`first_name` varchar(140),
`last_name` varchar(140),
`full_name` varchar(140),
`email_address` varchar(140),
`phone` varchar(140),
`applied_for` varchar(140),
`current_status` varchar(140) default 'Open',
`_user_tags` text,
`_comments` text,
`_assign` text,
`_liked_by` text,

			index modified(modified))
			ENGINE=InnoDB
			ROW_FORMAT=DYNAMIC
			CHARACTER SET=utf8mb4
			COLLATE=utf8mb4_unicode_ci
2026-01-26 09:46:16,129 WARNING database DDL Query made to DB:
alter table `tabDocType` add column if not exists migration_hash varchar(140)
2026-01-26 10:50:57,768 WARNING database DDL Query made to DB:
alter table `tabDocType` add column if not exists migration_hash varchar(140)
